<?xml version="1.0" encoding="UTF-8"?>
<!-- Generated by org.testng.reporters.JUnitReportReporter -->
<testsuite hostname="PC-175" name="com.klymchuk.test.TwitterPostTest" tests="1" failures="0" timestamp="8 Jun 2016 12:09:12 GMT" time="5.806" errors="0">
  <testcase name="checkSuccessfulPost" time="5.806" classname="com.klymchuk.test.TwitterPostTest"/>
</testsuite> <!-- com.klymchuk.test.TwitterPostTest -->
